<?xml version="1.0" encoding="UTF-8"?>
<testng-results ignored="0" total="2" passed="2" failed="0" skipped="0">
  <reporter-output>
  </reporter-output>
  <suite started-at="2024-02-09T11:37:20Z" name="Suite" finished-at="2024-02-09T11:37:26Z" duration-ms="5661">
    <groups>
    </groups>
    <test started-at="2024-02-09T11:37:20Z" name="Test" finished-at="2024-02-09T11:37:26Z" duration-ms="5661">
      <class name="com.automationtalks.demoProject1.TestCase1">
        <test-method is-config="true" signature="launchDriver()[pri:0, instance:com.automationtalks.demoProject1.TestCase1@74e28667]" started-at="2024-02-09T11:37:20Z" name="launchDriver" finished-at="2024-02-09T11:37:21Z" duration-ms="1225" status="PASS">
          <reporter-output>
          </reporter-output>
        </test-method> <!-- launchDriver -->
        <test-method signature="Test1()[pri:0, instance:com.automationtalks.demoProject1.TestCase1@74e28667]" started-at="2024-02-09T11:37:21Z" name="Test1" finished-at="2024-02-09T11:37:23Z" duration-ms="1457" status="PASS">
          <reporter-output>
          </reporter-output>
        </test-method> <!-- Test1 -->
        <test-method is-config="true" signature="quit()[pri:0, instance:com.automationtalks.demoProject1.TestCase1@74e28667]" started-at="2024-02-09T11:37:23Z" name="quit" finished-at="2024-02-09T11:37:23Z" duration-ms="229" status="PASS">
          <reporter-output>
          </reporter-output>
        </test-method> <!-- quit -->
        <test-method is-config="true" signature="launchDriver()[pri:0, instance:com.automationtalks.demoProject1.TestCase1@74e28667]" started-at="2024-02-09T11:37:23Z" name="launchDriver" finished-at="2024-02-09T11:37:24Z" duration-ms="979" status="PASS">
          <reporter-output>
          </reporter-output>
        </test-method> <!-- launchDriver -->
        <test-method signature="Test2()[pri:0, instance:com.automationtalks.demoProject1.TestCase1@74e28667]" started-at="2024-02-09T11:37:24Z" name="Test2" finished-at="2024-02-09T11:37:25Z" duration-ms="1550" status="PASS">
          <reporter-output>
          </reporter-output>
        </test-method> <!-- Test2 -->
        <test-method is-config="true" signature="quit()[pri:0, instance:com.automationtalks.demoProject1.TestCase1@74e28667]" started-at="2024-02-09T11:37:25Z" name="quit" finished-at="2024-02-09T11:37:26Z" duration-ms="204" status="PASS">
          <reporter-output>
          </reporter-output>
        </test-method> <!-- quit -->
      </class> <!-- com.automationtalks.demoProject1.TestCase1 -->
    </test> <!-- Test -->
  </suite> <!-- Suite -->
</testng-results>
