<?xml version="1.0" encoding="UTF-8"?>
<testng-results ignored="0" total="2" passed="2" failed="0" skipped="0">
  <reporter-output>
  </reporter-output>
  <suite started-at="2024-02-13T06:49:37Z" name="Suite" finished-at="2024-02-13T06:49:43Z" duration-ms="6040">
    <groups>
    </groups>
    <test started-at="2024-02-13T06:49:37Z" name="Test" finished-at="2024-02-13T06:49:43Z" duration-ms="6040">
      <class name="com.automationtalks.demoProject1.TestCase1">
        <test-method is-config="true" signature="launchDriver()[pri:0, instance:com.automationtalks.demoProject1.TestCase1@36a5cabc]" started-at="2024-02-13T06:49:37Z" name="launchDriver" finished-at="2024-02-13T06:49:38Z" duration-ms="1241" status="PASS">
          <reporter-output>
          </reporter-output>
        </test-method> <!-- launchDriver -->
        <test-method signature="Test1()[pri:0, instance:com.automationtalks.demoProject1.TestCase1@36a5cabc]" started-at="2024-02-13T06:49:38Z" name="Test1" finished-at="2024-02-13T06:49:40Z" duration-ms="2028" status="PASS">
          <reporter-output>
          </reporter-output>
        </test-method> <!-- Test1 -->
        <test-method is-config="true" signature="quit()[pri:0, instance:com.automationtalks.demoProject1.TestCase1@36a5cabc]" started-at="2024-02-13T06:49:40Z" name="quit" finished-at="2024-02-13T06:49:41Z" duration-ms="219" status="PASS">
          <reporter-output>
          </reporter-output>
        </test-method> <!-- quit -->
        <test-method is-config="true" signature="launchDriver()[pri:0, instance:com.automationtalks.demoProject1.TestCase1@36a5cabc]" started-at="2024-02-13T06:49:41Z" name="launchDriver" finished-at="2024-02-13T06:49:41Z" duration-ms="900" status="PASS">
          <reporter-output>
          </reporter-output>
        </test-method> <!-- launchDriver -->
        <test-method signature="Test2()[pri:0, instance:com.automationtalks.demoProject1.TestCase1@36a5cabc]" started-at="2024-02-13T06:49:41Z" name="Test2" finished-at="2024-02-13T06:49:43Z" duration-ms="1421" status="PASS">
          <reporter-output>
          </reporter-output>
        </test-method> <!-- Test2 -->
        <test-method is-config="true" signature="quit()[pri:0, instance:com.automationtalks.demoProject1.TestCase1@36a5cabc]" started-at="2024-02-13T06:49:43Z" name="quit" finished-at="2024-02-13T06:49:43Z" duration-ms="211" status="PASS">
          <reporter-output>
          </reporter-output>
        </test-method> <!-- quit -->
      </class> <!-- com.automationtalks.demoProject1.TestCase1 -->
    </test> <!-- Test -->
  </suite> <!-- Suite -->
</testng-results>
