<?xml version="1.0" encoding="UTF-8"?>
<testng-results ignored="0" total="2" passed="2" failed="0" skipped="0">
  <reporter-output>
  </reporter-output>
  <suite started-at="2024-02-16T04:48:00Z" name="Default suite" finished-at="2024-02-16T04:48:06Z" duration-ms="5876">
    <groups>
    </groups>
    <test started-at="2024-02-16T04:48:00Z" name="Default test" finished-at="2024-02-16T04:48:06Z" duration-ms="5876">
      <class name="com.automationtalks.demoProject1.TestCase1">
        <test-method is-config="true" signature="launchDriver()[pri:0, instance:com.automationtalks.demoProject1.TestCase1@4671115f]" started-at="2024-02-16T04:48:00Z" name="launchDriver" finished-at="2024-02-16T04:48:02Z" duration-ms="1361" status="PASS">
          <reporter-output>
          </reporter-output>
        </test-method> <!-- launchDriver -->
        <test-method signature="Test1()[pri:0, instance:com.automationtalks.demoProject1.TestCase1@4671115f]" started-at="2024-02-16T04:48:02Z" name="Test1" finished-at="2024-02-16T04:48:04Z" duration-ms="2137" status="PASS">
          <reporter-output>
          </reporter-output>
        </test-method> <!-- Test1 -->
        <test-method is-config="true" signature="quit()[pri:0, instance:com.automationtalks.demoProject1.TestCase1@4671115f]" started-at="2024-02-16T04:48:04Z" name="quit" finished-at="2024-02-16T04:48:04Z" duration-ms="1" status="PASS">
          <reporter-output>
          </reporter-output>
        </test-method> <!-- quit -->
        <test-method is-config="true" signature="launchDriver()[pri:0, instance:com.automationtalks.demoProject1.TestCase1@4671115f]" started-at="2024-02-16T04:48:04Z" name="launchDriver" finished-at="2024-02-16T04:48:05Z" duration-ms="869" status="PASS">
          <reporter-output>
          </reporter-output>
        </test-method> <!-- launchDriver -->
        <test-method signature="Test2()[pri:0, instance:com.automationtalks.demoProject1.TestCase1@4671115f]" started-at="2024-02-16T04:48:05Z" name="Test2" finished-at="2024-02-16T04:48:06Z" duration-ms="1471" status="PASS">
          <reporter-output>
          </reporter-output>
        </test-method> <!-- Test2 -->
        <test-method is-config="true" signature="quit()[pri:0, instance:com.automationtalks.demoProject1.TestCase1@4671115f]" started-at="2024-02-16T04:48:06Z" name="quit" finished-at="2024-02-16T04:48:06Z" duration-ms="1" status="PASS">
          <reporter-output>
          </reporter-output>
        </test-method> <!-- quit -->
      </class> <!-- com.automationtalks.demoProject1.TestCase1 -->
    </test> <!-- Default test -->
  </suite> <!-- Default suite -->
</testng-results>
