<?xml version="1.0" encoding="UTF-8"?>
<testng-results ignored="0" total="2" passed="2" failed="0" skipped="0">
  <reporter-output>
  </reporter-output>
  <suite started-at="2024-02-08T14:52:40 IST" name="Suite" finished-at="2024-02-08T14:52:46 IST" duration-ms="6594">
    <groups>
    </groups>
    <test started-at="2024-02-08T14:52:40 IST" name="Test" finished-at="2024-02-08T14:52:46 IST" duration-ms="6594">
      <class name="com.automationtalks.demoProject1.TestCase1">
        <test-method is-config="true" signature="launchDriver()[pri:0, instance:com.automationtalks.demoProject1.TestCase1@27f981c6]" started-at="2024-02-08T14:52:40 IST" name="launchDriver" finished-at="2024-02-08T14:52:41 IST" duration-ms="1635" status="PASS">
          <reporter-output>
          </reporter-output>
        </test-method> <!-- launchDriver -->
        <test-method signature="Test1()[pri:0, instance:com.automationtalks.demoProject1.TestCase1@27f981c6]" started-at="2024-02-08T14:52:41 IST" name="Test1" finished-at="2024-02-08T14:52:43 IST" duration-ms="1732" status="PASS">
          <reporter-output>
          </reporter-output>
        </test-method> <!-- Test1 -->
        <test-method is-config="true" signature="quit()[pri:0, instance:com.automationtalks.demoProject1.TestCase1@27f981c6]" started-at="2024-02-08T14:52:43 IST" name="quit" finished-at="2024-02-08T14:52:43 IST" duration-ms="252" status="PASS">
          <reporter-output>
          </reporter-output>
        </test-method> <!-- quit -->
        <test-method is-config="true" signature="launchDriver()[pri:0, instance:com.automationtalks.demoProject1.TestCase1@27f981c6]" started-at="2024-02-08T14:52:43 IST" name="launchDriver" finished-at="2024-02-08T14:52:44 IST" duration-ms="923" status="PASS">
          <reporter-output>
          </reporter-output>
        </test-method> <!-- launchDriver -->
        <test-method signature="Test2()[pri:0, instance:com.automationtalks.demoProject1.TestCase1@27f981c6]" started-at="2024-02-08T14:52:44 IST" name="Test2" finished-at="2024-02-08T14:52:46 IST" duration-ms="1776" status="PASS">
          <reporter-output>
          </reporter-output>
        </test-method> <!-- Test2 -->
        <test-method is-config="true" signature="quit()[pri:0, instance:com.automationtalks.demoProject1.TestCase1@27f981c6]" started-at="2024-02-08T14:52:46 IST" name="quit" finished-at="2024-02-08T14:52:46 IST" duration-ms="219" status="PASS">
          <reporter-output>
          </reporter-output>
        </test-method> <!-- quit -->
      </class> <!-- com.automationtalks.demoProject1.TestCase1 -->
    </test> <!-- Test -->
  </suite> <!-- Suite -->
</testng-results>
